<?xml version="1.0" encoding="UTF-8"?>
<coverage generated="1583744689159" clover="3.2.0">
  <project timestamp="1583744689159" name="All files">
    <metrics statements="162" coveredstatements="135" conditionals="64" coveredconditionals="48" methods="14" coveredmethods="12" elements="240" coveredelements="195" complexity="0" loc="162" ncloc="162" packages="2" files="4" classes="4"/>
    <package name="func">
      <metrics statements="161" coveredstatements="134" conditionals="64" coveredconditionals="48" methods="14" coveredmethods="12"/>
      <file name="algorithm.js" path="C:\Users\USER\Desktop\Appworks\Autour\func\algorithm.js">
        <metrics statements="95" coveredstatements="85" conditionals="47" coveredconditionals="36" methods="10" coveredmethods="9"/>
        <line num="1" count="1" type="stmt"/>
        <line num="2" count="1" type="stmt"/>
        <line num="3" count="1" type="stmt"/>
        <line num="5" count="6" type="stmt"/>
        <line num="8" count="0" type="stmt"/>
        <line num="12" count="6" type="stmt"/>
        <line num="15" count="6" type="stmt"/>
        <line num="18" count="6" type="stmt"/>
        <line num="22" count="1" type="stmt"/>
        <line num="24" count="4" type="stmt"/>
        <line num="25" count="4" type="stmt"/>
        <line num="26" count="4" type="stmt"/>
        <line num="27" count="4" type="stmt"/>
        <line num="29" count="4" type="stmt"/>
        <line num="30" count="4" type="stmt"/>
        <line num="31" count="17" type="cond" truecount="2" falsecount="0"/>
        <line num="33" count="4" type="stmt"/>
        <line num="35" count="4" type="stmt"/>
        <line num="37" count="4" type="stmt"/>
        <line num="39" count="220" type="cond" truecount="4" falsecount="0"/>
        <line num="40" count="144" type="stmt"/>
        <line num="41" count="144" type="stmt"/>
        <line num="42" count="144" type="stmt"/>
        <line num="43" count="144" type="stmt"/>
        <line num="44" count="144" type="stmt"/>
        <line num="46" count="144" type="stmt"/>
        <line num="47" count="832" type="cond" truecount="4" falsecount="0"/>
        <line num="49" count="144" type="stmt"/>
        <line num="52" count="76" type="stmt"/>
        <line num="53" count="76" type="stmt"/>
        <line num="56" count="220" type="cond" truecount="2" falsecount="0"/>
        <line num="57" count="72" type="cond" truecount="2" falsecount="0"/>
        <line num="58" count="26" type="stmt"/>
        <line num="59" count="26" type="stmt"/>
        <line num="60" count="126" type="stmt"/>
        <line num="62" count="26" type="stmt"/>
        <line num="63" count="152" type="stmt"/>
        <line num="64" count="26" type="stmt"/>
        <line num="66" count="72" type="stmt"/>
        <line num="67" count="72" type="stmt"/>
        <line num="70" count="4" type="stmt"/>
        <line num="73" count="1" type="stmt"/>
        <line num="74" count="2" type="stmt"/>
        <line num="75" count="2" type="stmt"/>
        <line num="76" count="6" type="stmt"/>
        <line num="77" count="6" type="stmt"/>
        <line num="78" count="26" type="cond" truecount="1" falsecount="1"/>
        <line num="79" count="26" type="cond" truecount="4" falsecount="0"/>
        <line num="80" count="5" type="stmt"/>
        <line num="81" count="21" type="cond" truecount="1" falsecount="1"/>
        <line num="82" count="0" type="cond" truecount="0" falsecount="2"/>
        <line num="83" count="0" type="stmt"/>
        <line num="85" count="0" type="stmt"/>
        <line num="88" count="21" type="stmt"/>
        <line num="92" count="0" type="cond" truecount="0" falsecount="2"/>
        <line num="93" count="0" type="stmt"/>
        <line num="95" count="0" type="stmt"/>
        <line num="99" count="6" type="stmt"/>
        <line num="101" count="2" type="stmt"/>
        <line num="104" count="1" type="stmt"/>
        <line num="106" count="2" type="stmt"/>
        <line num="107" count="2" type="stmt"/>
        <line num="108" count="6" type="stmt"/>
        <line num="110" count="6" type="stmt"/>
        <line num="112" count="6" type="stmt"/>
        <line num="113" count="6" type="cond" truecount="2" falsecount="0"/>
        <line num="115" count="3" type="cond" truecount="2" falsecount="3"/>
        <line num="116" count="0" type="stmt"/>
        <line num="118" count="3" type="stmt"/>
        <line num="119" count="15" type="cond" truecount="2" falsecount="0"/>
        <line num="121" count="3" type="stmt"/>
        <line num="122" count="3" type="stmt"/>
        <line num="125" count="3" type="cond" truecount="1" falsecount="1"/>
        <line num="126" count="3" type="stmt"/>
        <line num="127" count="3" type="cond" truecount="1" falsecount="1"/>
        <line num="128" count="0" type="stmt"/>
        <line num="130" count="3" type="stmt"/>
        <line num="133" count="0" type="stmt"/>
        <line num="136" count="3" type="cond" truecount="4" falsecount="0"/>
        <line num="137" count="2" type="stmt"/>
        <line num="138" count="2" type="stmt"/>
        <line num="141" count="13" type="cond" truecount="2" falsecount="0"/>
        <line num="142" count="1" type="stmt"/>
        <line num="147" count="3" type="stmt"/>
        <line num="150" count="6" type="stmt"/>
        <line num="152" count="2" type="stmt"/>
        <line num="155" count="1" type="stmt"/>
        <line num="157" count="2" type="stmt"/>
        <line num="158" count="24" type="stmt"/>
        <line num="159" count="24" type="stmt"/>
        <line num="160" count="96" type="cond" truecount="2" falsecount="0"/>
        <line num="162" count="24" type="stmt"/>
        <line num="164" count="2" type="stmt"/>
        <line num="165" count="2" type="stmt"/>
        <line num="168" count="1" type="stmt"/>
      </file>
      <file name="period.js" path="C:\Users\USER\Desktop\Appworks\Autour\func\period.js">
        <metrics statements="55" coveredstatements="42" conditionals="13" coveredconditionals="10" methods="2" coveredmethods="2"/>
        <line num="1" count="1" type="stmt"/>
        <line num="2" count="1" type="stmt"/>
        <line num="3" count="1" type="stmt"/>
        <line num="5" count="1" type="stmt"/>
        <line num="6" count="1" type="stmt"/>
        <line num="8" count="1" type="stmt"/>
        <line num="9" count="1" type="stmt"/>
        <line num="10" count="1" type="stmt"/>
        <line num="11" count="1" type="stmt"/>
        <line num="13" count="1" type="stmt"/>
        <line num="14" count="1" type="stmt"/>
        <line num="15" count="1" type="stmt"/>
        <line num="16" count="1" type="stmt"/>
        <line num="17" count="1" type="stmt"/>
        <line num="19" count="1" type="stmt"/>
        <line num="21" count="1" type="cond" truecount="1" falsecount="1"/>
        <line num="22" count="0" type="stmt"/>
        <line num="23" count="0" type="stmt"/>
        <line num="24" count="0" type="stmt"/>
        <line num="25" count="0" type="stmt"/>
        <line num="26" count="0" type="stmt"/>
        <line num="29" count="1" type="stmt"/>
        <line num="30" count="1" type="stmt"/>
        <line num="31" count="1" type="stmt"/>
        <line num="32" count="1" type="stmt"/>
        <line num="34" count="1" type="stmt"/>
        <line num="35" count="0" type="stmt"/>
        <line num="36" count="0" type="stmt"/>
        <line num="37" count="0" type="stmt"/>
        <line num="38" count="0" type="stmt"/>
        <line num="39" count="0" type="stmt"/>
        <line num="42" count="1" type="stmt"/>
        <line num="43" count="1" type="stmt"/>
        <line num="44" count="1" type="stmt"/>
        <line num="45" count="1" type="stmt"/>
        <line num="46" count="1" type="stmt"/>
        <line num="51" count="2" type="stmt"/>
        <line num="52" count="2" type="stmt"/>
        <line num="53" count="2" type="stmt"/>
        <line num="54" count="2" type="stmt"/>
        <line num="55" count="2" type="stmt"/>
        <line num="56" count="2" type="stmt"/>
        <line num="58" count="2" type="cond" truecount="1" falsecount="2"/>
        <line num="60" count="0" type="stmt"/>
        <line num="61" count="0" type="stmt"/>
        <line num="63" count="2" type="stmt"/>
        <line num="64" count="2" type="stmt"/>
        <line num="66" count="0" type="stmt"/>
        <line num="68" count="2" type="stmt"/>
        <line num="69" count="16" type="cond" truecount="4" falsecount="0"/>
        <line num="70" count="8" type="cond" truecount="2" falsecount="0"/>
        <line num="71" count="7" type="cond" truecount="2" falsecount="0"/>
        <line num="72" count="6" type="stmt"/>
        <line num="75" count="2" type="stmt"/>
        <line num="78" count="1" type="stmt"/>
      </file>
      <file name="sort.js" path="C:\Users\USER\Desktop\Appworks\Autour\func\sort.js">
        <metrics statements="11" coveredstatements="7" conditionals="4" coveredconditionals="2" methods="2" coveredmethods="1"/>
        <line num="1" count="1" type="stmt"/>
        <line num="2" count="2" type="stmt"/>
        <line num="3" count="23" type="stmt"/>
        <line num="4" count="276" type="cond" truecount="2" falsecount="0"/>
        <line num="5" count="99" type="stmt"/>
        <line num="11" count="1" type="stmt"/>
        <line num="12" count="0" type="stmt"/>
        <line num="13" count="0" type="stmt"/>
        <line num="14" count="0" type="cond" truecount="0" falsecount="2"/>
        <line num="15" count="0" type="stmt"/>
        <line num="20" count="1" type="stmt"/>
      </file>
    </package>
    <package name="secret">
      <metrics statements="1" coveredstatements="1" conditionals="0" coveredconditionals="0" methods="0" coveredmethods="0"/>
      <file name="constant.js" path="C:\Users\USER\Desktop\Appworks\Autour\secret\constant.js">
        <metrics statements="1" coveredstatements="1" conditionals="0" coveredconditionals="0" methods="0" coveredmethods="0"/>
        <line num="2" count="1" type="stmt"/>
      </file>
    </package>
  </project>
</coverage>
