{"C:\\Users\\USER\\Desktop\\Appworks\\Autour\\func\\algorithm.js": {"path":"C:\\Users\\USER\\Desktop\\Appworks\\Autour\\func\\algorithm.js","statementMap":{"0":{"start":{"line":1,"column":12},"end":{"line":1,"column":44}},"1":{"start":{"line":2,"column":13},"end":{"line":2,"column":33}},"2":{"start":{"line":5,"column":2},"end":{"line":5,"column":125}},"3":{"start":{"line":8,"column":2},"end":{"line":8,"column":127}},"4":{"start":{"line":12,"column":4},"end":{"line":12,"column":20}},"5":{"start":{"line":16,"column":4},"end":{"line":16,"column":51}},"6":{"start":{"line":20,"column":4},"end":{"line":20,"column":51}},"7":{"start":{"line":24,"column":26},"end":{"line":73,"column":1}},"8":{"start":{"line":26,"column":16},"end":{"line":26,"column":27}},"9":{"start":{"line":27,"column":18},"end":{"line":27,"column":29}},"10":{"start":{"line":28,"column":17},"end":{"line":28,"column":28}},"11":{"start":{"line":29,"column":20},"end":{"line":29,"column":31}},"12":{"start":{"line":31,"column":2},"end":{"line":31,"column":23}},"13":{"start":{"line":32,"column":2},"end":{"line":34,"column":3}},"14":{"start":{"line":32,"column":15},"end":{"line":32,"column":16}},"15":{"start":{"line":33,"column":4},"end":{"line":33,"column":53}},"16":{"start":{"line":33,"column":32},"end":{"line":33,"column":51}},"17":{"start":{"line":35,"column":2},"end":{"line":35,"column":28}},"18":{"start":{"line":37,"column":18},"end":{"line":37,"column":19}},"19":{"start":{"line":39,"column":2},"end":{"line":71,"column":3}},"20":{"start":{"line":41,"column":4},"end":{"line":56,"column":5}},"21":{"start":{"line":42,"column":24},"end":{"line":42,"column":38}},"22":{"start":{"line":43,"column":6},"end":{"line":43,"column":22}},"23":{"start":{"line":44,"column":19},"end":{"line":44,"column":38}},"24":{"start":{"line":45,"column":6},"end":{"line":45,"column":28}},"25":{"start":{"line":46,"column":6},"end":{"line":46,"column":32}},"26":{"start":{"line":48,"column":6},"end":{"line":50,"column":7}},"27":{"start":{"line":48,"column":19},"end":{"line":48,"column":20}},"28":{"start":{"line":49,"column":8},"end":{"line":49,"column":87}},"29":{"start":{"line":49,"column":66},"end":{"line":49,"column":85}},"30":{"start":{"line":51,"column":6},"end":{"line":51,"column":32}},"31":{"start":{"line":54,"column":6},"end":{"line":54,"column":21}},"32":{"start":{"line":55,"column":6},"end":{"line":55,"column":20}},"33":{"start":{"line":58,"column":4},"end":{"line":70,"column":5}},"34":{"start":{"line":59,"column":6},"end":{"line":67,"column":7}},"35":{"start":{"line":60,"column":21},"end":{"line":60,"column":22}},"36":{"start":{"line":61,"column":8},"end":{"line":63,"column":9}},"37":{"start":{"line":61,"column":20},"end":{"line":61,"column":21}},"38":{"start":{"line":62,"column":10},"end":{"line":62,"column":56}},"39":{"start":{"line":64,"column":8},"end":{"line":64,"column":49}},"40":{"start":{"line":65,"column":8},"end":{"line":65,"column":79}},"41":{"start":{"line":65,"column":41},"end":{"line":65,"column":75}},"42":{"start":{"line":66,"column":8},"end":{"line":66,"column":19}},"43":{"start":{"line":68,"column":6},"end":{"line":68,"column":21}},"44":{"start":{"line":69,"column":6},"end":{"line":69,"column":20}},"45":{"start":{"line":72,"column":2},"end":{"line":72,"column":16}},"46":{"start":{"line":75,"column":17},"end":{"line":104,"column":1}},"47":{"start":{"line":76,"column":23},"end":{"line":76,"column":34}},"48":{"start":{"line":77,"column":2},"end":{"line":102,"column":3}},"49":{"start":{"line":77,"column":15},"end":{"line":77,"column":16}},"50":{"start":{"line":78,"column":16},"end":{"line":78,"column":27}},"51":{"start":{"line":79,"column":4},"end":{"line":100,"column":5}},"52":{"start":{"line":79,"column":17},"end":{"line":79,"column":18}},"53":{"start":{"line":80,"column":6},"end":{"line":99,"column":7}},"54":{"start":{"line":81,"column":8},"end":{"line":91,"column":9}},"55":{"start":{"line":82,"column":10},"end":{"line":82,"column":24}},"56":{"start":{"line":83,"column":14},"end":{"line":91,"column":9}},"57":{"start":{"line":84,"column":10},"end":{"line":88,"column":11}},"58":{"start":{"line":85,"column":12},"end":{"line":85,"column":82}},"59":{"start":{"line":87,"column":12},"end":{"line":87,"column":118}},"60":{"start":{"line":90,"column":10},"end":{"line":90,"column":60}},"61":{"start":{"line":94,"column":8},"end":{"line":98,"column":9}},"62":{"start":{"line":95,"column":10},"end":{"line":95,"column":73}},"63":{"start":{"line":97,"column":10},"end":{"line":97,"column":24}},"64":{"start":{"line":101,"column":4},"end":{"line":101,"column":30}},"65":{"start":{"line":103,"column":2},"end":{"line":103,"column":23}},"66":{"start":{"line":106,"column":22},"end":{"line":155,"column":1}},"67":{"start":{"line":108,"column":21},"end":{"line":108,"column":32}},"68":{"start":{"line":109,"column":2},"end":{"line":153,"column":3}},"69":{"start":{"line":110,"column":27},"end":{"line":110,"column":46}},"70":{"start":{"line":112,"column":32},"end":{"line":112,"column":43}},"71":{"start":{"line":114,"column":4},"end":{"line":151,"column":5}},"72":{"start":{"line":115,"column":6},"end":{"line":150,"column":7}},"73":{"start":{"line":117,"column":8},"end":{"line":147,"column":9}},"74":{"start":{"line":118,"column":10},"end":{"line":118,"column":42}},"75":{"start":{"line":120,"column":10},"end":{"line":146,"column":11}},"76":{"start":{"line":121,"column":12},"end":{"line":142,"column":13}},"77":{"start":{"line":123,"column":35},"end":{"line":123,"column":104}},"78":{"start":{"line":124,"column":38},"end":{"line":124,"column":80}},"79":{"start":{"line":127,"column":14},"end":{"line":136,"column":15}},"80":{"start":{"line":128,"column":38},"end":{"line":128,"column":108}},"81":{"start":{"line":129,"column":16},"end":{"line":133,"column":17}},"82":{"start":{"line":130,"column":41},"end":{"line":130,"column":92}},"83":{"start":{"line":132,"column":41},"end":{"line":132,"column":84}},"84":{"start":{"line":135,"column":39},"end":{"line":135,"column":90}},"85":{"start":{"line":138,"column":14},"end":{"line":141,"column":15}},"86":{"start":{"line":139,"column":16},"end":{"line":139,"column":48}},"87":{"start":{"line":140,"column":16},"end":{"line":140,"column":21}},"88":{"start":{"line":143,"column":12},"end":{"line":145,"column":13}},"89":{"start":{"line":144,"column":14},"end":{"line":144,"column":47}},"90":{"start":{"line":149,"column":8},"end":{"line":149,"column":40}},"91":{"start":{"line":152,"column":4},"end":{"line":152,"column":44}},"92":{"start":{"line":154,"column":2},"end":{"line":154,"column":21}},"93":{"start":{"line":157,"column":25},"end":{"line":168,"column":1}},"94":{"start":{"line":159,"column":2},"end":{"line":165,"column":3}},"95":{"start":{"line":160,"column":20},"end":{"line":160,"column":21}},"96":{"start":{"line":161,"column":4},"end":{"line":163,"column":5}},"97":{"start":{"line":161,"column":17},"end":{"line":161,"column":18}},"98":{"start":{"line":162,"column":6},"end":{"line":162,"column":70}},"99":{"start":{"line":162,"column":57},"end":{"line":162,"column":68}},"100":{"start":{"line":164,"column":4},"end":{"line":164,"column":36}},"101":{"start":{"line":166,"column":2},"end":{"line":166,"column":39}},"102":{"start":{"line":167,"column":2},"end":{"line":167,"column":19}},"103":{"start":{"line":170,"column":0},"end":{"line":175,"column":1}}},"fnMap":{"0":{"name":"getNewDate","decl":{"start":{"line":4,"column":9},"end":{"line":4,"column":19}},"loc":{"start":{"line":4,"column":33},"end":{"line":6,"column":1}},"line":4},"1":{"name":"getNewTomorrowDate","decl":{"start":{"line":7,"column":9},"end":{"line":7,"column":27}},"loc":{"start":{"line":7,"column":41},"end":{"line":9,"column":1}},"line":7},"2":{"name":"(anonymous_2)","decl":{"start":{"line":11,"column":2},"end":{"line":11,"column":3}},"loc":{"start":{"line":11,"column":20},"end":{"line":13,"column":3}},"line":11},"3":{"name":"(anonymous_3)","decl":{"start":{"line":15,"column":2},"end":{"line":15,"column":3}},"loc":{"start":{"line":15,"column":11},"end":{"line":17,"column":3}},"line":15},"4":{"name":"(anonymous_4)","decl":{"start":{"line":19,"column":2},"end":{"line":19,"column":3}},"loc":{"start":{"line":19,"column":13},"end":{"line":21,"column":3}},"line":19},"5":{"name":"(anonymous_5)","decl":{"start":{"line":24,"column":26},"end":{"line":24,"column":27}},"loc":{"start":{"line":24,"column":54},"end":{"line":73,"column":1}},"line":24},"6":{"name":"(anonymous_6)","decl":{"start":{"line":65,"column":26},"end":{"line":65,"column":27}},"loc":{"start":{"line":65,"column":39},"end":{"line":65,"column":77}},"line":65},"7":{"name":"(anonymous_7)","decl":{"start":{"line":75,"column":17},"end":{"line":75,"column":18}},"loc":{"start":{"line":75,"column":41},"end":{"line":104,"column":1}},"line":75},"8":{"name":"(anonymous_8)","decl":{"start":{"line":106,"column":22},"end":{"line":106,"column":23}},"loc":{"start":{"line":106,"column":60},"end":{"line":155,"column":1}},"line":106},"9":{"name":"(anonymous_9)","decl":{"start":{"line":157,"column":25},"end":{"line":157,"column":26}},"loc":{"start":{"line":157,"column":62},"end":{"line":168,"column":1}},"line":157}},"branchMap":{"0":{"loc":{"start":{"line":33,"column":4},"end":{"line":33,"column":53}},"type":"if","locations":[{"start":{"line":33,"column":4},"end":{"line":33,"column":53}},{"start":{"line":33,"column":4},"end":{"line":33,"column":53}}],"line":33},"1":{"loc":{"start":{"line":41,"column":4},"end":{"line":56,"column":5}},"type":"if","locations":[{"start":{"line":41,"column":4},"end":{"line":56,"column":5}},{"start":{"line":41,"column":4},"end":{"line":56,"column":5}}],"line":41},"2":{"loc":{"start":{"line":41,"column":8},"end":{"line":41,"column":73}},"type":"binary-expr","locations":[{"start":{"line":41,"column":8},"end":{"line":41,"column":35}},{"start":{"line":41,"column":39},"end":{"line":41,"column":73}}],"line":41},"3":{"loc":{"start":{"line":49,"column":8},"end":{"line":49,"column":87}},"type":"if","locations":[{"start":{"line":49,"column":8},"end":{"line":49,"column":87}},{"start":{"line":49,"column":8},"end":{"line":49,"column":87}}],"line":49},"4":{"loc":{"start":{"line":49,"column":11},"end":{"line":49,"column":63}},"type":"binary-expr","locations":[{"start":{"line":49,"column":11},"end":{"line":49,"column":33}},{"start":{"line":49,"column":37},"end":{"line":49,"column":63}}],"line":49},"5":{"loc":{"start":{"line":58,"column":4},"end":{"line":70,"column":5}},"type":"if","locations":[{"start":{"line":58,"column":4},"end":{"line":70,"column":5}},{"start":{"line":58,"column":4},"end":{"line":70,"column":5}}],"line":58},"6":{"loc":{"start":{"line":59,"column":6},"end":{"line":67,"column":7}},"type":"if","locations":[{"start":{"line":59,"column":6},"end":{"line":67,"column":7}},{"start":{"line":59,"column":6},"end":{"line":67,"column":7}}],"line":59},"7":{"loc":{"start":{"line":80,"column":6},"end":{"line":99,"column":7}},"type":"if","locations":[{"start":{"line":80,"column":6},"end":{"line":99,"column":7}},{"start":{"line":80,"column":6},"end":{"line":99,"column":7}}],"line":80},"8":{"loc":{"start":{"line":81,"column":8},"end":{"line":91,"column":9}},"type":"if","locations":[{"start":{"line":81,"column":8},"end":{"line":91,"column":9}},{"start":{"line":81,"column":8},"end":{"line":91,"column":9}}],"line":81},"9":{"loc":{"start":{"line":81,"column":11},"end":{"line":81,"column":39}},"type":"binary-expr","locations":[{"start":{"line":81,"column":11},"end":{"line":81,"column":15}},{"start":{"line":81,"column":19},"end":{"line":81,"column":39}}],"line":81},"10":{"loc":{"start":{"line":83,"column":14},"end":{"line":91,"column":9}},"type":"if","locations":[{"start":{"line":83,"column":14},"end":{"line":91,"column":9}},{"start":{"line":83,"column":14},"end":{"line":91,"column":9}}],"line":83},"11":{"loc":{"start":{"line":84,"column":10},"end":{"line":88,"column":11}},"type":"if","locations":[{"start":{"line":84,"column":10},"end":{"line":88,"column":11}},{"start":{"line":84,"column":10},"end":{"line":88,"column":11}}],"line":84},"12":{"loc":{"start":{"line":94,"column":8},"end":{"line":98,"column":9}},"type":"if","locations":[{"start":{"line":94,"column":8},"end":{"line":98,"column":9}},{"start":{"line":94,"column":8},"end":{"line":98,"column":9}}],"line":94},"13":{"loc":{"start":{"line":115,"column":6},"end":{"line":150,"column":7}},"type":"if","locations":[{"start":{"line":115,"column":6},"end":{"line":150,"column":7}},{"start":{"line":115,"column":6},"end":{"line":150,"column":7}}],"line":115},"14":{"loc":{"start":{"line":117,"column":8},"end":{"line":147,"column":9}},"type":"if","locations":[{"start":{"line":117,"column":8},"end":{"line":147,"column":9}},{"start":{"line":117,"column":8},"end":{"line":147,"column":9}}],"line":117},"15":{"loc":{"start":{"line":117,"column":12},"end":{"line":117,"column":214}},"type":"binary-expr","locations":[{"start":{"line":117,"column":12},"end":{"line":117,"column":64}},{"start":{"line":117,"column":68},"end":{"line":117,"column":138}},{"start":{"line":117,"column":142},"end":{"line":117,"column":214}}],"line":117},"16":{"loc":{"start":{"line":121,"column":12},"end":{"line":142,"column":13}},"type":"if","locations":[{"start":{"line":121,"column":12},"end":{"line":142,"column":13}},{"start":{"line":121,"column":12},"end":{"line":142,"column":13}}],"line":121},"17":{"loc":{"start":{"line":127,"column":14},"end":{"line":136,"column":15}},"type":"if","locations":[{"start":{"line":127,"column":14},"end":{"line":136,"column":15}},{"start":{"line":127,"column":14},"end":{"line":136,"column":15}}],"line":127},"18":{"loc":{"start":{"line":129,"column":16},"end":{"line":133,"column":17}},"type":"if","locations":[{"start":{"line":129,"column":16},"end":{"line":133,"column":17}},{"start":{"line":129,"column":16},"end":{"line":133,"column":17}}],"line":129},"19":{"loc":{"start":{"line":138,"column":14},"end":{"line":141,"column":15}},"type":"if","locations":[{"start":{"line":138,"column":14},"end":{"line":141,"column":15}},{"start":{"line":138,"column":14},"end":{"line":141,"column":15}}],"line":138},"20":{"loc":{"start":{"line":138,"column":18},"end":{"line":138,"column":88}},"type":"binary-expr","locations":[{"start":{"line":138,"column":18},"end":{"line":138,"column":51}},{"start":{"line":138,"column":55},"end":{"line":138,"column":88}}],"line":138},"21":{"loc":{"start":{"line":143,"column":12},"end":{"line":145,"column":13}},"type":"if","locations":[{"start":{"line":143,"column":12},"end":{"line":145,"column":13}},{"start":{"line":143,"column":12},"end":{"line":145,"column":13}}],"line":143},"22":{"loc":{"start":{"line":162,"column":6},"end":{"line":162,"column":70}},"type":"if","locations":[{"start":{"line":162,"column":6},"end":{"line":162,"column":70}},{"start":{"line":162,"column":6},"end":{"line":162,"column":70}}],"line":162}},"s":{"0":1,"1":1,"2":0,"3":0,"4":0,"5":0,"6":0,"7":1,"8":1,"9":1,"10":1,"11":1,"12":1,"13":1,"14":1,"15":6,"16":5,"17":1,"18":1,"19":1,"20":194,"21":129,"22":129,"23":129,"24":129,"25":129,"26":129,"27":129,"28":774,"29":188,"30":129,"31":65,"32":65,"33":194,"34":65,"35":24,"36":24,"37":24,"38":120,"39":24,"40":24,"41":144,"42":24,"43":65,"44":65,"45":1,"46":1,"47":0,"48":0,"49":0,"50":0,"51":0,"52":0,"53":0,"54":0,"55":0,"56":0,"57":0,"58":0,"59":0,"60":0,"61":0,"62":0,"63":0,"64":0,"65":0,"66":1,"67":0,"68":0,"69":0,"70":0,"71":0,"72":0,"73":0,"74":0,"75":0,"76":0,"77":0,"78":0,"79":0,"80":0,"81":0,"82":0,"83":0,"84":0,"85":0,"86":0,"87":0,"88":0,"89":0,"90":0,"91":0,"92":0,"93":1,"94":0,"95":0,"96":0,"97":0,"98":0,"99":0,"100":0,"101":0,"102":0,"103":1},"f":{"0":0,"1":0,"2":0,"3":0,"4":0,"5":1,"6":144,"7":0,"8":0,"9":0},"b":{"0":[5,1],"1":[129,65],"2":[194,194],"3":[188,586],"4":[774,645],"5":[65,129],"6":[24,41],"7":[0,0],"8":[0,0],"9":[0,0],"10":[0,0],"11":[0,0],"12":[0,0],"13":[0,0],"14":[0,0],"15":[0,0,0],"16":[0,0],"17":[0,0],"18":[0,0],"19":[0,0],"20":[0,0],"21":[0,0],"22":[0,0]},"_coverageSchema":"1a1c01bbd47fc00a2c39e90264f33305004495a9","hash":"0fb0326589df3c8663b96690a3c1803ff743c9dd"}
,"C:\\Users\\USER\\Desktop\\Appworks\\Autour\\func\\sort.js": {"path":"C:\\Users\\USER\\Desktop\\Appworks\\Autour\\func\\sort.js","statementMap":{"0":{"start":{"line":1,"column":18},"end":{"line":11,"column":1}},"1":{"start":{"line":2,"column":2},"end":{"line":10,"column":3}},"2":{"start":{"line":2,"column":15},"end":{"line":2,"column":28}},"3":{"start":{"line":3,"column":4},"end":{"line":9,"column":5}},"4":{"start":{"line":3,"column":17},"end":{"line":3,"column":18}},"5":{"start":{"line":4,"column":6},"end":{"line":8,"column":7}},"6":{"start":{"line":5,"column":8},"end":{"line":5,"column":22}},"7":{"start":{"line":6,"column":8},"end":{"line":6,"column":27}},"8":{"start":{"line":7,"column":8},"end":{"line":7,"column":24}},"9":{"start":{"line":13,"column":18},"end":{"line":23,"column":1}},"10":{"start":{"line":14,"column":2},"end":{"line":22,"column":3}},"11":{"start":{"line":14,"column":15},"end":{"line":14,"column":28}},"12":{"start":{"line":15,"column":4},"end":{"line":21,"column":5}},"13":{"start":{"line":15,"column":17},"end":{"line":15,"column":18}},"14":{"start":{"line":16,"column":6},"end":{"line":20,"column":7}},"15":{"start":{"line":17,"column":8},"end":{"line":17,"column":22}},"16":{"start":{"line":18,"column":8},"end":{"line":18,"column":27}},"17":{"start":{"line":19,"column":8},"end":{"line":19,"column":24}},"18":{"start":{"line":24,"column":0},"end":{"line":27,"column":1}}},"fnMap":{"0":{"name":"(anonymous_0)","decl":{"start":{"line":1,"column":18},"end":{"line":1,"column":19}},"loc":{"start":{"line":1,"column":42},"end":{"line":11,"column":1}},"line":1},"1":{"name":"(anonymous_1)","decl":{"start":{"line":13,"column":18},"end":{"line":13,"column":19}},"loc":{"start":{"line":13,"column":42},"end":{"line":23,"column":1}},"line":13}},"branchMap":{"0":{"loc":{"start":{"line":4,"column":6},"end":{"line":8,"column":7}},"type":"if","locations":[{"start":{"line":4,"column":6},"end":{"line":8,"column":7}},{"start":{"line":4,"column":6},"end":{"line":8,"column":7}}],"line":4},"1":{"loc":{"start":{"line":16,"column":6},"end":{"line":20,"column":7}},"type":"if","locations":[{"start":{"line":16,"column":6},"end":{"line":20,"column":7}},{"start":{"line":16,"column":6},"end":{"line":20,"column":7}}],"line":16}},"s":{"0":1,"1":0,"2":0,"3":0,"4":0,"5":0,"6":0,"7":0,"8":0,"9":1,"10":0,"11":0,"12":0,"13":0,"14":0,"15":0,"16":0,"17":0,"18":1},"f":{"0":0,"1":0},"b":{"0":[0,0],"1":[0,0]},"_coverageSchema":"1a1c01bbd47fc00a2c39e90264f33305004495a9","hash":"a234abf3662014e73be98b04e5ffaacc29f6b6f5"}
,"C:\\Users\\USER\\Desktop\\Appworks\\Autour\\secret\\constant.js": {"path":"C:\\Users\\USER\\Desktop\\Appworks\\Autour\\secret\\constant.js","statementMap":{"0":{"start":{"line":2,"column":0},"end":{"line":16,"column":1}}},"fnMap":{},"branchMap":{},"s":{"0":1},"f":{},"b":{},"_coverageSchema":"1a1c01bbd47fc00a2c39e90264f33305004495a9","hash":"57ea75dbd2470130e18545b7fbc0c7779e4233da"}
}
