{"C:\\Users\\USER\\Desktop\\Appworks\\Autour\\func\\algorithm.js": {"path":"C:\\Users\\USER\\Desktop\\Appworks\\Autour\\func\\algorithm.js","statementMap":{"0":{"start":{"line":1,"column":12},"end":{"line":1,"column":44}},"1":{"start":{"line":2,"column":13},"end":{"line":2,"column":33}},"2":{"start":{"line":3,"column":13},"end":{"line":3,"column":28}},"3":{"start":{"line":5,"column":2},"end":{"line":5,"column":125}},"4":{"start":{"line":8,"column":2},"end":{"line":8,"column":127}},"5":{"start":{"line":12,"column":4},"end":{"line":12,"column":20}},"6":{"start":{"line":15,"column":4},"end":{"line":15,"column":51}},"7":{"start":{"line":18,"column":4},"end":{"line":18,"column":51}},"8":{"start":{"line":22,"column":26},"end":{"line":71,"column":1}},"9":{"start":{"line":24,"column":16},"end":{"line":24,"column":27}},"10":{"start":{"line":25,"column":18},"end":{"line":25,"column":29}},"11":{"start":{"line":26,"column":17},"end":{"line":26,"column":28}},"12":{"start":{"line":27,"column":20},"end":{"line":27,"column":31}},"13":{"start":{"line":29,"column":2},"end":{"line":29,"column":23}},"14":{"start":{"line":30,"column":2},"end":{"line":32,"column":3}},"15":{"start":{"line":30,"column":15},"end":{"line":30,"column":16}},"16":{"start":{"line":31,"column":4},"end":{"line":31,"column":53}},"17":{"start":{"line":31,"column":32},"end":{"line":31,"column":51}},"18":{"start":{"line":33,"column":2},"end":{"line":33,"column":28}},"19":{"start":{"line":35,"column":18},"end":{"line":35,"column":19}},"20":{"start":{"line":37,"column":2},"end":{"line":69,"column":3}},"21":{"start":{"line":39,"column":4},"end":{"line":54,"column":5}},"22":{"start":{"line":40,"column":24},"end":{"line":40,"column":38}},"23":{"start":{"line":41,"column":6},"end":{"line":41,"column":22}},"24":{"start":{"line":42,"column":19},"end":{"line":42,"column":38}},"25":{"start":{"line":43,"column":6},"end":{"line":43,"column":28}},"26":{"start":{"line":44,"column":6},"end":{"line":44,"column":32}},"27":{"start":{"line":46,"column":6},"end":{"line":48,"column":7}},"28":{"start":{"line":46,"column":19},"end":{"line":46,"column":20}},"29":{"start":{"line":47,"column":8},"end":{"line":47,"column":87}},"30":{"start":{"line":47,"column":66},"end":{"line":47,"column":85}},"31":{"start":{"line":49,"column":6},"end":{"line":49,"column":32}},"32":{"start":{"line":52,"column":6},"end":{"line":52,"column":21}},"33":{"start":{"line":53,"column":6},"end":{"line":53,"column":20}},"34":{"start":{"line":56,"column":4},"end":{"line":68,"column":5}},"35":{"start":{"line":57,"column":6},"end":{"line":65,"column":7}},"36":{"start":{"line":58,"column":21},"end":{"line":58,"column":22}},"37":{"start":{"line":59,"column":8},"end":{"line":61,"column":9}},"38":{"start":{"line":59,"column":20},"end":{"line":59,"column":21}},"39":{"start":{"line":60,"column":10},"end":{"line":60,"column":56}},"40":{"start":{"line":62,"column":8},"end":{"line":62,"column":49}},"41":{"start":{"line":63,"column":8},"end":{"line":63,"column":79}},"42":{"start":{"line":63,"column":41},"end":{"line":63,"column":75}},"43":{"start":{"line":64,"column":8},"end":{"line":64,"column":19}},"44":{"start":{"line":66,"column":6},"end":{"line":66,"column":21}},"45":{"start":{"line":67,"column":6},"end":{"line":67,"column":20}},"46":{"start":{"line":70,"column":2},"end":{"line":70,"column":16}},"47":{"start":{"line":73,"column":17},"end":{"line":102,"column":1}},"48":{"start":{"line":74,"column":23},"end":{"line":74,"column":34}},"49":{"start":{"line":75,"column":2},"end":{"line":100,"column":3}},"50":{"start":{"line":75,"column":15},"end":{"line":75,"column":16}},"51":{"start":{"line":76,"column":16},"end":{"line":76,"column":27}},"52":{"start":{"line":77,"column":4},"end":{"line":98,"column":5}},"53":{"start":{"line":77,"column":17},"end":{"line":77,"column":18}},"54":{"start":{"line":78,"column":6},"end":{"line":97,"column":7}},"55":{"start":{"line":79,"column":8},"end":{"line":89,"column":9}},"56":{"start":{"line":80,"column":10},"end":{"line":80,"column":24}},"57":{"start":{"line":81,"column":14},"end":{"line":89,"column":9}},"58":{"start":{"line":82,"column":10},"end":{"line":86,"column":11}},"59":{"start":{"line":83,"column":12},"end":{"line":83,"column":82}},"60":{"start":{"line":85,"column":12},"end":{"line":85,"column":118}},"61":{"start":{"line":88,"column":10},"end":{"line":88,"column":60}},"62":{"start":{"line":92,"column":8},"end":{"line":96,"column":9}},"63":{"start":{"line":93,"column":10},"end":{"line":93,"column":73}},"64":{"start":{"line":95,"column":10},"end":{"line":95,"column":24}},"65":{"start":{"line":99,"column":4},"end":{"line":99,"column":30}},"66":{"start":{"line":101,"column":2},"end":{"line":101,"column":23}},"67":{"start":{"line":104,"column":22},"end":{"line":153,"column":1}},"68":{"start":{"line":106,"column":21},"end":{"line":106,"column":32}},"69":{"start":{"line":107,"column":2},"end":{"line":151,"column":3}},"70":{"start":{"line":108,"column":27},"end":{"line":108,"column":46}},"71":{"start":{"line":110,"column":32},"end":{"line":110,"column":43}},"72":{"start":{"line":112,"column":4},"end":{"line":149,"column":5}},"73":{"start":{"line":113,"column":6},"end":{"line":148,"column":7}},"74":{"start":{"line":115,"column":8},"end":{"line":145,"column":9}},"75":{"start":{"line":116,"column":10},"end":{"line":116,"column":42}},"76":{"start":{"line":118,"column":10},"end":{"line":144,"column":11}},"77":{"start":{"line":119,"column":12},"end":{"line":140,"column":13}},"78":{"start":{"line":121,"column":35},"end":{"line":121,"column":104}},"79":{"start":{"line":122,"column":38},"end":{"line":122,"column":80}},"80":{"start":{"line":125,"column":14},"end":{"line":134,"column":15}},"81":{"start":{"line":126,"column":38},"end":{"line":126,"column":108}},"82":{"start":{"line":127,"column":16},"end":{"line":131,"column":17}},"83":{"start":{"line":128,"column":41},"end":{"line":128,"column":92}},"84":{"start":{"line":130,"column":41},"end":{"line":130,"column":84}},"85":{"start":{"line":133,"column":39},"end":{"line":133,"column":90}},"86":{"start":{"line":136,"column":14},"end":{"line":139,"column":15}},"87":{"start":{"line":137,"column":16},"end":{"line":137,"column":48}},"88":{"start":{"line":138,"column":16},"end":{"line":138,"column":21}},"89":{"start":{"line":141,"column":12},"end":{"line":143,"column":13}},"90":{"start":{"line":142,"column":14},"end":{"line":142,"column":47}},"91":{"start":{"line":147,"column":8},"end":{"line":147,"column":40}},"92":{"start":{"line":150,"column":4},"end":{"line":150,"column":44}},"93":{"start":{"line":152,"column":2},"end":{"line":152,"column":21}},"94":{"start":{"line":155,"column":25},"end":{"line":166,"column":1}},"95":{"start":{"line":157,"column":2},"end":{"line":163,"column":3}},"96":{"start":{"line":158,"column":20},"end":{"line":158,"column":21}},"97":{"start":{"line":159,"column":4},"end":{"line":161,"column":5}},"98":{"start":{"line":159,"column":17},"end":{"line":159,"column":18}},"99":{"start":{"line":160,"column":6},"end":{"line":160,"column":70}},"100":{"start":{"line":160,"column":57},"end":{"line":160,"column":68}},"101":{"start":{"line":162,"column":4},"end":{"line":162,"column":36}},"102":{"start":{"line":164,"column":2},"end":{"line":164,"column":39}},"103":{"start":{"line":165,"column":2},"end":{"line":165,"column":19}},"104":{"start":{"line":168,"column":0},"end":{"line":173,"column":1}}},"fnMap":{"0":{"name":"getNewDate","decl":{"start":{"line":4,"column":9},"end":{"line":4,"column":19}},"loc":{"start":{"line":4,"column":33},"end":{"line":6,"column":1}},"line":4},"1":{"name":"getNewTomorrowDate","decl":{"start":{"line":7,"column":9},"end":{"line":7,"column":27}},"loc":{"start":{"line":7,"column":41},"end":{"line":9,"column":1}},"line":7},"2":{"name":"(anonymous_2)","decl":{"start":{"line":11,"column":2},"end":{"line":11,"column":3}},"loc":{"start":{"line":11,"column":20},"end":{"line":13,"column":3}},"line":11},"3":{"name":"(anonymous_3)","decl":{"start":{"line":14,"column":2},"end":{"line":14,"column":3}},"loc":{"start":{"line":14,"column":11},"end":{"line":16,"column":3}},"line":14},"4":{"name":"(anonymous_4)","decl":{"start":{"line":17,"column":2},"end":{"line":17,"column":3}},"loc":{"start":{"line":17,"column":13},"end":{"line":19,"column":3}},"line":17},"5":{"name":"(anonymous_5)","decl":{"start":{"line":22,"column":26},"end":{"line":22,"column":27}},"loc":{"start":{"line":22,"column":54},"end":{"line":71,"column":1}},"line":22},"6":{"name":"(anonymous_6)","decl":{"start":{"line":63,"column":26},"end":{"line":63,"column":27}},"loc":{"start":{"line":63,"column":39},"end":{"line":63,"column":77}},"line":63},"7":{"name":"(anonymous_7)","decl":{"start":{"line":73,"column":17},"end":{"line":73,"column":18}},"loc":{"start":{"line":73,"column":41},"end":{"line":102,"column":1}},"line":73},"8":{"name":"(anonymous_8)","decl":{"start":{"line":104,"column":22},"end":{"line":104,"column":23}},"loc":{"start":{"line":104,"column":60},"end":{"line":153,"column":1}},"line":104},"9":{"name":"(anonymous_9)","decl":{"start":{"line":155,"column":25},"end":{"line":155,"column":26}},"loc":{"start":{"line":155,"column":62},"end":{"line":166,"column":1}},"line":155}},"branchMap":{"0":{"loc":{"start":{"line":31,"column":4},"end":{"line":31,"column":53}},"type":"if","locations":[{"start":{"line":31,"column":4},"end":{"line":31,"column":53}},{"start":{"line":31,"column":4},"end":{"line":31,"column":53}}],"line":31},"1":{"loc":{"start":{"line":39,"column":4},"end":{"line":54,"column":5}},"type":"if","locations":[{"start":{"line":39,"column":4},"end":{"line":54,"column":5}},{"start":{"line":39,"column":4},"end":{"line":54,"column":5}}],"line":39},"2":{"loc":{"start":{"line":39,"column":8},"end":{"line":39,"column":73}},"type":"binary-expr","locations":[{"start":{"line":39,"column":8},"end":{"line":39,"column":35}},{"start":{"line":39,"column":39},"end":{"line":39,"column":73}}],"line":39},"3":{"loc":{"start":{"line":47,"column":8},"end":{"line":47,"column":87}},"type":"if","locations":[{"start":{"line":47,"column":8},"end":{"line":47,"column":87}},{"start":{"line":47,"column":8},"end":{"line":47,"column":87}}],"line":47},"4":{"loc":{"start":{"line":47,"column":11},"end":{"line":47,"column":63}},"type":"binary-expr","locations":[{"start":{"line":47,"column":11},"end":{"line":47,"column":33}},{"start":{"line":47,"column":37},"end":{"line":47,"column":63}}],"line":47},"5":{"loc":{"start":{"line":56,"column":4},"end":{"line":68,"column":5}},"type":"if","locations":[{"start":{"line":56,"column":4},"end":{"line":68,"column":5}},{"start":{"line":56,"column":4},"end":{"line":68,"column":5}}],"line":56},"6":{"loc":{"start":{"line":57,"column":6},"end":{"line":65,"column":7}},"type":"if","locations":[{"start":{"line":57,"column":6},"end":{"line":65,"column":7}},{"start":{"line":57,"column":6},"end":{"line":65,"column":7}}],"line":57},"7":{"loc":{"start":{"line":78,"column":6},"end":{"line":97,"column":7}},"type":"if","locations":[{"start":{"line":78,"column":6},"end":{"line":97,"column":7}},{"start":{"line":78,"column":6},"end":{"line":97,"column":7}}],"line":78},"8":{"loc":{"start":{"line":79,"column":8},"end":{"line":89,"column":9}},"type":"if","locations":[{"start":{"line":79,"column":8},"end":{"line":89,"column":9}},{"start":{"line":79,"column":8},"end":{"line":89,"column":9}}],"line":79},"9":{"loc":{"start":{"line":79,"column":11},"end":{"line":79,"column":39}},"type":"binary-expr","locations":[{"start":{"line":79,"column":11},"end":{"line":79,"column":15}},{"start":{"line":79,"column":19},"end":{"line":79,"column":39}}],"line":79},"10":{"loc":{"start":{"line":81,"column":14},"end":{"line":89,"column":9}},"type":"if","locations":[{"start":{"line":81,"column":14},"end":{"line":89,"column":9}},{"start":{"line":81,"column":14},"end":{"line":89,"column":9}}],"line":81},"11":{"loc":{"start":{"line":82,"column":10},"end":{"line":86,"column":11}},"type":"if","locations":[{"start":{"line":82,"column":10},"end":{"line":86,"column":11}},{"start":{"line":82,"column":10},"end":{"line":86,"column":11}}],"line":82},"12":{"loc":{"start":{"line":92,"column":8},"end":{"line":96,"column":9}},"type":"if","locations":[{"start":{"line":92,"column":8},"end":{"line":96,"column":9}},{"start":{"line":92,"column":8},"end":{"line":96,"column":9}}],"line":92},"13":{"loc":{"start":{"line":113,"column":6},"end":{"line":148,"column":7}},"type":"if","locations":[{"start":{"line":113,"column":6},"end":{"line":148,"column":7}},{"start":{"line":113,"column":6},"end":{"line":148,"column":7}}],"line":113},"14":{"loc":{"start":{"line":115,"column":8},"end":{"line":145,"column":9}},"type":"if","locations":[{"start":{"line":115,"column":8},"end":{"line":145,"column":9}},{"start":{"line":115,"column":8},"end":{"line":145,"column":9}}],"line":115},"15":{"loc":{"start":{"line":115,"column":12},"end":{"line":115,"column":214}},"type":"binary-expr","locations":[{"start":{"line":115,"column":12},"end":{"line":115,"column":64}},{"start":{"line":115,"column":68},"end":{"line":115,"column":138}},{"start":{"line":115,"column":142},"end":{"line":115,"column":214}}],"line":115},"16":{"loc":{"start":{"line":119,"column":12},"end":{"line":140,"column":13}},"type":"if","locations":[{"start":{"line":119,"column":12},"end":{"line":140,"column":13}},{"start":{"line":119,"column":12},"end":{"line":140,"column":13}}],"line":119},"17":{"loc":{"start":{"line":125,"column":14},"end":{"line":134,"column":15}},"type":"if","locations":[{"start":{"line":125,"column":14},"end":{"line":134,"column":15}},{"start":{"line":125,"column":14},"end":{"line":134,"column":15}}],"line":125},"18":{"loc":{"start":{"line":127,"column":16},"end":{"line":131,"column":17}},"type":"if","locations":[{"start":{"line":127,"column":16},"end":{"line":131,"column":17}},{"start":{"line":127,"column":16},"end":{"line":131,"column":17}}],"line":127},"19":{"loc":{"start":{"line":136,"column":14},"end":{"line":139,"column":15}},"type":"if","locations":[{"start":{"line":136,"column":14},"end":{"line":139,"column":15}},{"start":{"line":136,"column":14},"end":{"line":139,"column":15}}],"line":136},"20":{"loc":{"start":{"line":136,"column":18},"end":{"line":136,"column":88}},"type":"binary-expr","locations":[{"start":{"line":136,"column":18},"end":{"line":136,"column":51}},{"start":{"line":136,"column":55},"end":{"line":136,"column":88}}],"line":136},"21":{"loc":{"start":{"line":141,"column":12},"end":{"line":143,"column":13}},"type":"if","locations":[{"start":{"line":141,"column":12},"end":{"line":143,"column":13}},{"start":{"line":141,"column":12},"end":{"line":143,"column":13}}],"line":141},"22":{"loc":{"start":{"line":160,"column":6},"end":{"line":160,"column":70}},"type":"if","locations":[{"start":{"line":160,"column":6},"end":{"line":160,"column":70}},{"start":{"line":160,"column":6},"end":{"line":160,"column":70}}],"line":160}},"s":{"0":1,"1":1,"2":1,"3":6,"4":0,"5":6,"6":6,"7":6,"8":1,"9":4,"10":4,"11":4,"12":4,"13":4,"14":4,"15":4,"16":17,"17":13,"18":4,"19":4,"20":4,"21":220,"22":144,"23":144,"24":144,"25":144,"26":144,"27":144,"28":144,"29":832,"30":202,"31":144,"32":76,"33":76,"34":220,"35":72,"36":26,"37":26,"38":26,"39":126,"40":26,"41":26,"42":152,"43":26,"44":72,"45":72,"46":4,"47":1,"48":2,"49":2,"50":2,"51":6,"52":6,"53":6,"54":26,"55":26,"56":5,"57":21,"58":0,"59":0,"60":0,"61":21,"62":0,"63":0,"64":0,"65":6,"66":2,"67":1,"68":2,"69":2,"70":6,"71":6,"72":6,"73":6,"74":3,"75":0,"76":3,"77":15,"78":3,"79":3,"80":3,"81":3,"82":3,"83":0,"84":3,"85":0,"86":3,"87":2,"88":2,"89":13,"90":1,"91":3,"92":6,"93":2,"94":1,"95":2,"96":24,"97":24,"98":24,"99":96,"100":48,"101":24,"102":2,"103":2,"104":1},"f":{"0":6,"1":0,"2":6,"3":6,"4":6,"5":4,"6":152,"7":2,"8":2,"9":2},"b":{"0":[13,4],"1":[144,76],"2":[220,220],"3":[202,630],"4":[832,683],"5":[72,148],"6":[26,46],"7":[26,0],"8":[5,21],"9":[26,6],"10":[0,21],"11":[0,0],"12":[0,0],"13":[3,3],"14":[0,3],"15":[3,0,0],"16":[3,12],"17":[3,0],"18":[0,3],"19":[2,1],"20":[3,2],"21":[1,12],"22":[48,48]},"_coverageSchema":"1a1c01bbd47fc00a2c39e90264f33305004495a9","hash":"e22378da29b81ac7a84fdf04be78d6a2950a7fbd"}
,"C:\\Users\\USER\\Desktop\\Appworks\\Autour\\func\\period.js": {"path":"C:\\Users\\USER\\Desktop\\Appworks\\Autour\\func\\period.js","statementMap":{"0":{"start":{"line":1,"column":18},"end":{"line":48,"column":1}},"1":{"start":{"line":2,"column":20},"end":{"line":2,"column":31}},"2":{"start":{"line":3,"column":13},"end":{"line":3,"column":26}},"3":{"start":{"line":5,"column":14},"end":{"line":5,"column":52}},"4":{"start":{"line":6,"column":12},"end":{"line":6,"column":48}},"5":{"start":{"line":8,"column":18},"end":{"line":8,"column":37}},"6":{"start":{"line":9,"column":15},"end":{"line":9,"column":31}},"7":{"start":{"line":10,"column":14},"end":{"line":10,"column":29}},"8":{"start":{"line":11,"column":14},"end":{"line":11,"column":28}},"9":{"start":{"line":13,"column":12},"end":{"line":13,"column":29}},"10":{"start":{"line":14,"column":13},"end":{"line":14,"column":27}},"11":{"start":{"line":15,"column":12},"end":{"line":15,"column":25}},"12":{"start":{"line":16,"column":12},"end":{"line":16,"column":24}},"13":{"start":{"line":17,"column":12},"end":{"line":17,"column":26}},"14":{"start":{"line":19,"column":15},"end":{"line":19,"column":135}},"15":{"start":{"line":21,"column":2},"end":{"line":47,"column":3}},"16":{"start":{"line":22,"column":4},"end":{"line":22,"column":140}},"17":{"start":{"line":23,"column":4},"end":{"line":23,"column":83}},"18":{"start":{"line":24,"column":4},"end":{"line":24,"column":77}},"19":{"start":{"line":25,"column":4},"end":{"line":25,"column":42}},"20":{"start":{"line":26,"column":4},"end":{"line":26,"column":22}},"21":{"start":{"line":29,"column":4},"end":{"line":29,"column":135}},"22":{"start":{"line":30,"column":4},"end":{"line":30,"column":83}},"23":{"start":{"line":31,"column":4},"end":{"line":31,"column":66}},"24":{"start":{"line":32,"column":4},"end":{"line":32,"column":42}},"25":{"start":{"line":34,"column":4},"end":{"line":40,"column":5}},"26":{"start":{"line":34,"column":17},"end":{"line":34,"column":18}},"27":{"start":{"line":35,"column":18},"end":{"line":35,"column":74}},"28":{"start":{"line":36,"column":6},"end":{"line":36,"column":166}},"29":{"start":{"line":37,"column":6},"end":{"line":37,"column":73}},"30":{"start":{"line":38,"column":6},"end":{"line":38,"column":69}},"31":{"start":{"line":39,"column":6},"end":{"line":39,"column":44}},"32":{"start":{"line":42,"column":4},"end":{"line":42,"column":177}},"33":{"start":{"line":43,"column":4},"end":{"line":43,"column":96}},"34":{"start":{"line":44,"column":4},"end":{"line":44,"column":82}},"35":{"start":{"line":45,"column":4},"end":{"line":45,"column":47}},"36":{"start":{"line":46,"column":4},"end":{"line":46,"column":22}},"37":{"start":{"line":51,"column":18},"end":{"line":51,"column":38}},"38":{"start":{"line":52,"column":18},"end":{"line":52,"column":29}},"39":{"start":{"line":53,"column":18},"end":{"line":53,"column":37}},"40":{"start":{"line":54,"column":15},"end":{"line":54,"column":31}},"41":{"start":{"line":55,"column":14},"end":{"line":55,"column":29}},"42":{"start":{"line":56,"column":14},"end":{"line":56,"column":30}},"43":{"start":{"line":58,"column":2},"end":{"line":67,"column":3}},"44":{"start":{"line":60,"column":6},"end":{"line":60,"column":47}},"45":{"start":{"line":61,"column":6},"end":{"line":61,"column":12}},"46":{"start":{"line":63,"column":6},"end":{"line":63,"column":57}},"47":{"start":{"line":64,"column":6},"end":{"line":64,"column":12}},"48":{"start":{"line":66,"column":6},"end":{"line":66,"column":41}},"49":{"start":{"line":68,"column":2},"end":{"line":74,"column":3}},"50":{"start":{"line":69,"column":4},"end":{"line":73,"column":7}},"51":{"start":{"line":70,"column":8},"end":{"line":72,"column":118}},"52":{"start":{"line":70,"column":31},"end":{"line":70,"column":132}},"53":{"start":{"line":71,"column":13},"end":{"line":72,"column":118}},"54":{"start":{"line":71,"column":37},"end":{"line":71,"column":139}},"55":{"start":{"line":72,"column":13},"end":{"line":72,"column":118}},"56":{"start":{"line":75,"column":2},"end":{"line":75,"column":18}},"57":{"start":{"line":78,"column":0},"end":{"line":78,"column":37}}},"fnMap":{"0":{"name":"(anonymous_0)","decl":{"start":{"line":1,"column":18},"end":{"line":1,"column":19}},"loc":{"start":{"line":1,"column":33},"end":{"line":48,"column":1}},"line":1},"1":{"name":"oneDayPeriod","decl":{"start":{"line":50,"column":9},"end":{"line":50,"column":21}},"loc":{"start":{"line":50,"column":45},"end":{"line":76,"column":1}},"line":50}},"branchMap":{"0":{"loc":{"start":{"line":21,"column":2},"end":{"line":47,"column":3}},"type":"if","locations":[{"start":{"line":21,"column":2},"end":{"line":47,"column":3}},{"start":{"line":21,"column":2},"end":{"line":47,"column":3}}],"line":21},"1":{"loc":{"start":{"line":58,"column":2},"end":{"line":67,"column":3}},"type":"switch","locations":[{"start":{"line":59,"column":4},"end":{"line":61,"column":12}},{"start":{"line":62,"column":4},"end":{"line":64,"column":12}},{"start":{"line":65,"column":4},"end":{"line":66,"column":41}}],"line":58},"2":{"loc":{"start":{"line":69,"column":4},"end":{"line":73,"column":7}},"type":"if","locations":[{"start":{"line":69,"column":4},"end":{"line":73,"column":7}},{"start":{"line":69,"column":4},"end":{"line":73,"column":7}}],"line":69},"3":{"loc":{"start":{"line":69,"column":8},"end":{"line":69,"column":59}},"type":"binary-expr","locations":[{"start":{"line":69,"column":8},"end":{"line":69,"column":30}},{"start":{"line":69,"column":34},"end":{"line":69,"column":59}}],"line":69},"4":{"loc":{"start":{"line":70,"column":8},"end":{"line":72,"column":118}},"type":"if","locations":[{"start":{"line":70,"column":8},"end":{"line":72,"column":118}},{"start":{"line":70,"column":8},"end":{"line":72,"column":118}}],"line":70},"5":{"loc":{"start":{"line":71,"column":13},"end":{"line":72,"column":118}},"type":"if","locations":[{"start":{"line":71,"column":13},"end":{"line":72,"column":118}},{"start":{"line":71,"column":13},"end":{"line":72,"column":118}}],"line":71}},"s":{"0":1,"1":1,"2":1,"3":1,"4":1,"5":1,"6":1,"7":1,"8":1,"9":1,"10":1,"11":1,"12":1,"13":1,"14":1,"15":1,"16":0,"17":0,"18":0,"19":0,"20":0,"21":1,"22":1,"23":1,"24":1,"25":1,"26":1,"27":0,"28":0,"29":0,"30":0,"31":0,"32":1,"33":1,"34":1,"35":1,"36":1,"37":2,"38":2,"39":2,"40":2,"41":2,"42":2,"43":2,"44":0,"45":0,"46":2,"47":2,"48":0,"49":2,"50":16,"51":8,"52":1,"53":7,"54":1,"55":6,"56":2,"57":1},"f":{"0":1,"1":2},"b":{"0":[0,1],"1":[0,2,0],"2":[8,8],"3":[16,13],"4":[1,7],"5":[1,6]},"_coverageSchema":"1a1c01bbd47fc00a2c39e90264f33305004495a9","hash":"70e33ae55ff2841dba9124cb20f0b044521761a5"}
,"C:\\Users\\USER\\Desktop\\Appworks\\Autour\\func\\sort.js": {"path":"C:\\Users\\USER\\Desktop\\Appworks\\Autour\\func\\sort.js","statementMap":{"0":{"start":{"line":1,"column":18},"end":{"line":9,"column":1}},"1":{"start":{"line":2,"column":2},"end":{"line":8,"column":3}},"2":{"start":{"line":2,"column":15},"end":{"line":2,"column":28}},"3":{"start":{"line":3,"column":4},"end":{"line":7,"column":5}},"4":{"start":{"line":3,"column":17},"end":{"line":3,"column":18}},"5":{"start":{"line":4,"column":6},"end":{"line":6,"column":7}},"6":{"start":{"line":5,"column":8},"end":{"line":5,"column":51}},"7":{"start":{"line":11,"column":18},"end":{"line":19,"column":1}},"8":{"start":{"line":12,"column":2},"end":{"line":18,"column":3}},"9":{"start":{"line":12,"column":15},"end":{"line":12,"column":28}},"10":{"start":{"line":13,"column":4},"end":{"line":17,"column":5}},"11":{"start":{"line":13,"column":17},"end":{"line":13,"column":18}},"12":{"start":{"line":14,"column":6},"end":{"line":16,"column":7}},"13":{"start":{"line":15,"column":8},"end":{"line":15,"column":51}},"14":{"start":{"line":20,"column":0},"end":{"line":23,"column":1}}},"fnMap":{"0":{"name":"(anonymous_0)","decl":{"start":{"line":1,"column":18},"end":{"line":1,"column":19}},"loc":{"start":{"line":1,"column":42},"end":{"line":9,"column":1}},"line":1},"1":{"name":"(anonymous_1)","decl":{"start":{"line":11,"column":18},"end":{"line":11,"column":19}},"loc":{"start":{"line":11,"column":42},"end":{"line":19,"column":1}},"line":11}},"branchMap":{"0":{"loc":{"start":{"line":4,"column":6},"end":{"line":6,"column":7}},"type":"if","locations":[{"start":{"line":4,"column":6},"end":{"line":6,"column":7}},{"start":{"line":4,"column":6},"end":{"line":6,"column":7}}],"line":4},"1":{"loc":{"start":{"line":14,"column":6},"end":{"line":16,"column":7}},"type":"if","locations":[{"start":{"line":14,"column":6},"end":{"line":16,"column":7}},{"start":{"line":14,"column":6},"end":{"line":16,"column":7}}],"line":14}},"s":{"0":1,"1":2,"2":2,"3":23,"4":23,"5":276,"6":99,"7":1,"8":0,"9":0,"10":0,"11":0,"12":0,"13":0,"14":1},"f":{"0":2,"1":0},"b":{"0":[99,177],"1":[0,0]},"_coverageSchema":"1a1c01bbd47fc00a2c39e90264f33305004495a9","hash":"68f27e945d1cff09e4f54715c3efee9f41ed5dde"}
,"C:\\Users\\USER\\Desktop\\Appworks\\Autour\\secret\\constant.js": {"path":"C:\\Users\\USER\\Desktop\\Appworks\\Autour\\secret\\constant.js","statementMap":{"0":{"start":{"line":2,"column":0},"end":{"line":16,"column":1}}},"fnMap":{},"branchMap":{},"s":{"0":1},"f":{},"b":{},"_coverageSchema":"1a1c01bbd47fc00a2c39e90264f33305004495a9","hash":"57ea75dbd2470130e18545b7fbc0c7779e4233da"}
}
