TN:
SF:func\algorithm.js
FN:4,getNewDate
FN:7,getNewTomorrowDate
FN:11,(anonymous_2)
FN:14,(anonymous_3)
FN:17,(anonymous_4)
FN:22,(anonymous_5)
FN:63,(anonymous_6)
FN:73,(anonymous_7)
FN:104,(anonymous_8)
FN:155,(anonymous_9)
FNF:10
FNH:9
FNDA:6,getNewDate
FNDA:0,getNewTomorrowDate
FNDA:6,(anonymous_2)
FNDA:6,(anonymous_3)
FNDA:6,(anonymous_4)
FNDA:4,(anonymous_5)
FNDA:152,(anonymous_6)
FNDA:2,(anonymous_7)
FNDA:2,(anonymous_8)
FNDA:2,(anonymous_9)
DA:1,1
DA:2,1
DA:3,1
DA:5,6
DA:8,0
DA:12,6
DA:15,6
DA:18,6
DA:22,1
DA:24,4
DA:25,4
DA:26,4
DA:27,4
DA:29,4
DA:30,4
DA:31,17
DA:33,4
DA:35,4
DA:37,4
DA:39,220
DA:40,144
DA:41,144
DA:42,144
DA:43,144
DA:44,144
DA:46,144
DA:47,832
DA:49,144
DA:52,76
DA:53,76
DA:56,220
DA:57,72
DA:58,26
DA:59,26
DA:60,126
DA:62,26
DA:63,152
DA:64,26
DA:66,72
DA:67,72
DA:70,4
DA:73,1
DA:74,2
DA:75,2
DA:76,6
DA:77,6
DA:78,26
DA:79,26
DA:80,5
DA:81,21
DA:82,0
DA:83,0
DA:85,0
DA:88,21
DA:92,0
DA:93,0
DA:95,0
DA:99,6
DA:101,2
DA:104,1
DA:106,2
DA:107,2
DA:108,6
DA:110,6
DA:112,6
DA:113,6
DA:115,3
DA:116,0
DA:118,3
DA:119,15
DA:121,3
DA:122,3
DA:125,3
DA:126,3
DA:127,3
DA:128,0
DA:130,3
DA:133,0
DA:136,3
DA:137,2
DA:138,2
DA:141,13
DA:142,1
DA:147,3
DA:150,6
DA:152,2
DA:155,1
DA:157,2
DA:158,24
DA:159,24
DA:160,96
DA:162,24
DA:164,2
DA:165,2
DA:168,1
LF:95
LH:85
BRDA:31,0,0,13
BRDA:31,0,1,4
BRDA:39,1,0,144
BRDA:39,1,1,76
BRDA:39,2,0,220
BRDA:39,2,1,220
BRDA:47,3,0,202
BRDA:47,3,1,630
BRDA:47,4,0,832
BRDA:47,4,1,683
BRDA:56,5,0,72
BRDA:56,5,1,148
BRDA:57,6,0,26
BRDA:57,6,1,46
BRDA:78,7,0,26
BRDA:78,7,1,0
BRDA:79,8,0,5
BRDA:79,8,1,21
BRDA:79,9,0,26
BRDA:79,9,1,6
BRDA:81,10,0,0
BRDA:81,10,1,21
BRDA:82,11,0,0
BRDA:82,11,1,0
BRDA:92,12,0,0
BRDA:92,12,1,0
BRDA:113,13,0,3
BRDA:113,13,1,3
BRDA:115,14,0,0
BRDA:115,14,1,3
BRDA:115,15,0,3
BRDA:115,15,1,0
BRDA:115,15,2,0
BRDA:119,16,0,3
BRDA:119,16,1,12
BRDA:125,17,0,3
BRDA:125,17,1,0
BRDA:127,18,0,0
BRDA:127,18,1,3
BRDA:136,19,0,2
BRDA:136,19,1,1
BRDA:136,20,0,3
BRDA:136,20,1,2
BRDA:141,21,0,1
BRDA:141,21,1,12
BRDA:160,22,0,48
BRDA:160,22,1,48
BRF:47
BRH:36
end_of_record
TN:
SF:func\mysql.js
FN:12,(anonymous_0)
FN:13,(anonymous_1)
FN:14,(anonymous_2)
FN:17,(anonymous_3)
FN:19,(anonymous_4)
FN:20,(anonymous_5)
FN:26,(anonymous_6)
FN:27,(anonymous_7)
FN:38,(anonymous_8)
FN:44,(anonymous_9)
FN:59,(anonymous_10)
FN:77,(anonymous_11)
FN:83,(anonymous_12)
FN:89,(anonymous_13)
FNF:14
FNH:5
FNDA:0,(anonymous_0)
FNDA:0,(anonymous_1)
FNDA:0,(anonymous_2)
FNDA:0,(anonymous_3)
FNDA:0,(anonymous_4)
FNDA:0,(anonymous_5)
FNDA:0,(anonymous_6)
FNDA:0,(anonymous_7)
FNDA:1,(anonymous_8)
FNDA:2,(anonymous_9)
FNDA:1,(anonymous_10)
FNDA:2,(anonymous_11)
FNDA:0,(anonymous_12)
FNDA:1,(anonymous_13)
DA:1,1
DA:2,1
DA:4,1
DA:12,1
DA:13,0
DA:14,0
DA:15,0
DA:17,0
DA:19,0
DA:20,0
DA:21,0
DA:22,0
DA:26,0
DA:27,0
DA:28,0
DA:30,0
DA:33,0
DA:38,1
DA:39,1
DA:40,1
DA:41,1
DA:44,1
DA:46,2
DA:47,0
DA:48,0
DA:49,0
DA:51,0
DA:53,2
DA:55,2
DA:56,2
DA:59,1
DA:61,1
DA:62,1
DA:63,0
DA:64,0
DA:65,0
DA:66,0
DA:67,0
DA:70,1
DA:71,1
DA:73,1
DA:74,1
DA:77,1
DA:78,2
DA:79,2
DA:80,2
DA:83,1
DA:84,0
DA:85,0
DA:86,0
DA:89,1
DA:91,1
DA:92,0
DA:93,0
DA:94,0
DA:96,0
DA:98,1
DA:100,1
DA:101,1
DA:104,1
LF:60
LH:31
BRDA:15,0,0,0
BRDA:15,0,1,0
BRDA:21,1,0,0
BRDA:21,1,1,0
BRDA:28,2,0,0
BRDA:28,2,1,0
BRDA:46,3,0,0
BRDA:46,3,1,2
BRDA:62,4,0,0
BRDA:62,4,1,1
BRDA:91,5,0,0
BRDA:91,5,1,1
BRF:12
BRH:3
end_of_record
TN:
SF:func\period.js
FN:1,(anonymous_0)
FN:50,oneDayPeriod
FNF:2
FNH:2
FNDA:1,(anonymous_0)
FNDA:2,oneDayPeriod
DA:1,1
DA:2,1
DA:3,1
DA:5,1
DA:6,1
DA:8,1
DA:9,1
DA:10,1
DA:11,1
DA:13,1
DA:14,1
DA:15,1
DA:16,1
DA:17,1
DA:19,1
DA:21,1
DA:22,0
DA:23,0
DA:24,0
DA:25,0
DA:26,0
DA:29,1
DA:30,1
DA:31,1
DA:32,1
DA:34,1
DA:35,0
DA:36,0
DA:37,0
DA:38,0
DA:39,0
DA:42,1
DA:43,1
DA:44,1
DA:45,1
DA:46,1
DA:51,2
DA:52,2
DA:53,2
DA:54,2
DA:55,2
DA:56,2
DA:58,2
DA:60,0
DA:61,0
DA:63,2
DA:64,2
DA:66,0
DA:68,2
DA:69,16
DA:70,8
DA:71,7
DA:72,6
DA:75,2
DA:78,1
LF:55
LH:42
BRDA:21,0,0,0
BRDA:21,0,1,1
BRDA:58,1,0,0
BRDA:58,1,1,2
BRDA:58,1,2,0
BRDA:69,2,0,8
BRDA:69,2,1,8
BRDA:69,3,0,16
BRDA:69,3,1,13
BRDA:70,4,0,1
BRDA:70,4,1,7
BRDA:71,5,0,1
BRDA:71,5,1,6
BRF:13
BRH:10
end_of_record
TN:
SF:func\sort.js
FN:1,(anonymous_0)
FN:11,(anonymous_1)
FNF:2
FNH:1
FNDA:2,(anonymous_0)
FNDA:0,(anonymous_1)
DA:1,1
DA:2,2
DA:3,23
DA:4,276
DA:5,99
DA:11,1
DA:12,0
DA:13,0
DA:14,0
DA:15,0
DA:20,1
LF:11
LH:7
BRDA:4,0,0,99
BRDA:4,0,1,177
BRDA:14,1,0,0
BRDA:14,1,1,0
BRF:4
BRH:2
end_of_record
TN:
SF:secret\constant.js
FNF:0
FNH:0
DA:2,2
LF:1
LH:1
BRF:0
BRH:0
end_of_record
TN:
SF:unitTest\fakedata.js
FNF:0
FNH:0
DA:1,1
DA:26,1
LF:2
LH:2
BRF:0
BRH:0
end_of_record
