TN:
SF:func\algorithm.js
FN:4,getNewDate
FN:7,getNewTomorrowDate
FN:11,(anonymous_2)
FN:15,(anonymous_3)
FN:19,(anonymous_4)
FN:24,(anonymous_5)
FN:65,(anonymous_6)
FN:75,(anonymous_7)
FN:106,(anonymous_8)
FN:157,(anonymous_9)
FNF:10
FNH:2
FNDA:0,getNewDate
FNDA:0,getNewTomorrowDate
FNDA:0,(anonymous_2)
FNDA:0,(anonymous_3)
FNDA:0,(anonymous_4)
FNDA:1,(anonymous_5)
FNDA:144,(anonymous_6)
FNDA:0,(anonymous_7)
FNDA:0,(anonymous_8)
FNDA:0,(anonymous_9)
DA:1,1
DA:2,1
DA:5,0
DA:8,0
DA:12,0
DA:16,0
DA:20,0
DA:24,1
DA:26,1
DA:27,1
DA:28,1
DA:29,1
DA:31,1
DA:32,1
DA:33,6
DA:35,1
DA:37,1
DA:39,1
DA:41,194
DA:42,129
DA:43,129
DA:44,129
DA:45,129
DA:46,129
DA:48,129
DA:49,774
DA:51,129
DA:54,65
DA:55,65
DA:58,194
DA:59,65
DA:60,24
DA:61,24
DA:62,120
DA:64,24
DA:65,144
DA:66,24
DA:68,65
DA:69,65
DA:72,1
DA:75,1
DA:76,0
DA:77,0
DA:78,0
DA:79,0
DA:80,0
DA:81,0
DA:82,0
DA:83,0
DA:84,0
DA:85,0
DA:87,0
DA:90,0
DA:94,0
DA:95,0
DA:97,0
DA:101,0
DA:103,0
DA:106,1
DA:108,0
DA:109,0
DA:110,0
DA:112,0
DA:114,0
DA:115,0
DA:117,0
DA:118,0
DA:120,0
DA:121,0
DA:123,0
DA:124,0
DA:127,0
DA:128,0
DA:129,0
DA:130,0
DA:132,0
DA:135,0
DA:138,0
DA:139,0
DA:140,0
DA:143,0
DA:144,0
DA:149,0
DA:152,0
DA:154,0
DA:157,1
DA:159,0
DA:160,0
DA:161,0
DA:162,0
DA:164,0
DA:166,0
DA:167,0
DA:170,1
LF:94
LH:39
BRDA:33,0,0,5
BRDA:33,0,1,1
BRDA:41,1,0,129
BRDA:41,1,1,65
BRDA:41,2,0,194
BRDA:41,2,1,194
BRDA:49,3,0,188
BRDA:49,3,1,586
BRDA:49,4,0,774
BRDA:49,4,1,645
BRDA:58,5,0,65
BRDA:58,5,1,129
BRDA:59,6,0,24
BRDA:59,6,1,41
BRDA:80,7,0,0
BRDA:80,7,1,0
BRDA:81,8,0,0
BRDA:81,8,1,0
BRDA:81,9,0,0
BRDA:81,9,1,0
BRDA:83,10,0,0
BRDA:83,10,1,0
BRDA:84,11,0,0
BRDA:84,11,1,0
BRDA:94,12,0,0
BRDA:94,12,1,0
BRDA:115,13,0,0
BRDA:115,13,1,0
BRDA:117,14,0,0
BRDA:117,14,1,0
BRDA:117,15,0,0
BRDA:117,15,1,0
BRDA:117,15,2,0
BRDA:121,16,0,0
BRDA:121,16,1,0
BRDA:127,17,0,0
BRDA:127,17,1,0
BRDA:129,18,0,0
BRDA:129,18,1,0
BRDA:138,19,0,0
BRDA:138,19,1,0
BRDA:138,20,0,0
BRDA:138,20,1,0
BRDA:143,21,0,0
BRDA:143,21,1,0
BRDA:162,22,0,0
BRDA:162,22,1,0
BRF:47
BRH:14
end_of_record
TN:
SF:func\sort.js
FN:1,(anonymous_0)
FN:13,(anonymous_1)
FNF:2
FNH:0
FNDA:0,(anonymous_0)
FNDA:0,(anonymous_1)
DA:1,1
DA:2,0
DA:3,0
DA:4,0
DA:5,0
DA:6,0
DA:7,0
DA:13,1
DA:14,0
DA:15,0
DA:16,0
DA:17,0
DA:18,0
DA:19,0
DA:24,1
LF:15
LH:3
BRDA:4,0,0,0
BRDA:4,0,1,0
BRDA:16,1,0,0
BRDA:16,1,1,0
BRF:4
BRH:0
end_of_record
TN:
SF:secret\constant.js
FNF:0
FNH:0
DA:2,1
LF:1
LH:1
BRF:0
BRH:0
end_of_record
